Determining if the CL_VERSION_2_2 exist failed with the following output:
Change Dir: /home/olya/hpcourse/hse/BPM161/alyokhina/02.OpenCL/cmake-build-debug/CMakeFiles/CMakeTmp

Run Build Command:"/usr/bin/make" "cmTC_94728/fast"
/usr/bin/make -f CMakeFiles/cmTC_94728.dir/build.make CMakeFiles/cmTC_94728.dir/build
make[1]: вход в каталог «/home/olya/hpcourse/hse/BPM161/alyokhina/02.OpenCL/cmake-build-debug/CMakeFiles/CMakeTmp»
Building C object CMakeFiles/cmTC_94728.dir/CheckSymbolExists.c.o
/usr/bin/cc    -o CMakeFiles/cmTC_94728.dir/CheckSymbolExists.c.o   -c /home/olya/hpcourse/hse/BPM161/alyokhina/02.OpenCL/cmake-build-debug/CMakeFiles/CMakeTmp/CheckSymbolExists.c
/home/olya/hpcourse/hse/BPM161/alyokhina/02.OpenCL/cmake-build-debug/CMakeFiles/CMakeTmp/CheckSymbolExists.c: In function ‘main’:
/home/olya/hpcourse/hse/BPM161/alyokhina/02.OpenCL/cmake-build-debug/CMakeFiles/CMakeTmp/CheckSymbolExists.c:8:19: error: ‘CL_VERSION_2_2’ undeclared (first use in this function)
   return ((int*)(&CL_VERSION_2_2))[argc];
                   ^
/home/olya/hpcourse/hse/BPM161/alyokhina/02.OpenCL/cmake-build-debug/CMakeFiles/CMakeTmp/CheckSymbolExists.c:8:19: note: each undeclared identifier is reported only once for each function it appears in
CMakeFiles/cmTC_94728.dir/build.make:65: ошибка выполнения рецепта для цели «CMakeFiles/cmTC_94728.dir/CheckSymbolExists.c.o»
make[1]: *** [CMakeFiles/cmTC_94728.dir/CheckSymbolExists.c.o] Ошибка 1
make[1]: выход из каталога «/home/olya/hpcourse/hse/BPM161/alyokhina/02.OpenCL/cmake-build-debug/CMakeFiles/CMakeTmp»
Makefile:126: ошибка выполнения рецепта для цели «cmTC_94728/fast»
make: *** [cmTC_94728/fast] Ошибка 2

File /home/olya/hpcourse/hse/BPM161/alyokhina/02.OpenCL/cmake-build-debug/CMakeFiles/CMakeTmp/CheckSymbolExists.c:
/* */
#include </usr/include/CL/cl.h>

int main(int argc, char** argv)
{
  (void)argv;
#ifndef CL_VERSION_2_2
  return ((int*)(&CL_VERSION_2_2))[argc];
#else
  (void)argc;
  return 0;
#endif
}

Determining if the CL_VERSION_2_1 exist failed with the following output:
Change Dir: /home/olya/hpcourse/hse/BPM161/alyokhina/02.OpenCL/cmake-build-debug/CMakeFiles/CMakeTmp

Run Build Command:"/usr/bin/make" "cmTC_dbe4a/fast"
/usr/bin/make -f CMakeFiles/cmTC_dbe4a.dir/build.make CMakeFiles/cmTC_dbe4a.dir/build
make[1]: вход в каталог «/home/olya/hpcourse/hse/BPM161/alyokhina/02.OpenCL/cmake-build-debug/CMakeFiles/CMakeTmp»
Building C object CMakeFiles/cmTC_dbe4a.dir/CheckSymbolExists.c.o
/usr/bin/cc    -o CMakeFiles/cmTC_dbe4a.dir/CheckSymbolExists.c.o   -c /home/olya/hpcourse/hse/BPM161/alyokhina/02.OpenCL/cmake-build-debug/CMakeFiles/CMakeTmp/CheckSymbolExists.c
/home/olya/hpcourse/hse/BPM161/alyokhina/02.OpenCL/cmake-build-debug/CMakeFiles/CMakeTmp/CheckSymbolExists.c: In function ‘main’:
/home/olya/hpcourse/hse/BPM161/alyokhina/02.OpenCL/cmake-build-debug/CMakeFiles/CMakeTmp/CheckSymbolExists.c:8:19: error: ‘CL_VERSION_2_1’ undeclared (first use in this function)
   return ((int*)(&CL_VERSION_2_1))[argc];
                   ^
/home/olya/hpcourse/hse/BPM161/alyokhina/02.OpenCL/cmake-build-debug/CMakeFiles/CMakeTmp/CheckSymbolExists.c:8:19: note: each undeclared identifier is reported only once for each function it appears in
CMakeFiles/cmTC_dbe4a.dir/build.make:65: ошибка выполнения рецепта для цели «CMakeFiles/cmTC_dbe4a.dir/CheckSymbolExists.c.o»
make[1]: *** [CMakeFiles/cmTC_dbe4a.dir/CheckSymbolExists.c.o] Ошибка 1
make[1]: выход из каталога «/home/olya/hpcourse/hse/BPM161/alyokhina/02.OpenCL/cmake-build-debug/CMakeFiles/CMakeTmp»
Makefile:126: ошибка выполнения рецепта для цели «cmTC_dbe4a/fast»
make: *** [cmTC_dbe4a/fast] Ошибка 2

File /home/olya/hpcourse/hse/BPM161/alyokhina/02.OpenCL/cmake-build-debug/CMakeFiles/CMakeTmp/CheckSymbolExists.c:
/* */
#include </usr/include/CL/cl.h>

int main(int argc, char** argv)
{
  (void)argv;
#ifndef CL_VERSION_2_1
  return ((int*)(&CL_VERSION_2_1))[argc];
#else
  (void)argc;
  return 0;
#endif
}

